Wed Dec 19 16:09:32 2018 # Inserted news. ID:      1. LENGTH:  10412
Wed Dec 19 16:09:32 2018 # Inserted news. ID:      2. LENGTH:  10412
Wed Dec 19 16:09:33 2018 # Inserted news. ID:      3. LENGTH:  10412
Wed Dec 19 16:09:33 2018 # Inserted news. ID:      4. LENGTH:  10412
Wed Dec 19 16:09:33 2018 # Inserted news. ID:      5. LENGTH:  10412
Wed Dec 19 16:09:34 2018 # Inserted news. ID:      6. LENGTH:  10412
Wed Dec 19 16:09:35 2018 # Inserted news. ID:      7. LENGTH:  10412
Wed Dec 19 16:09:35 2018 # Inserted news. ID:      8. LENGTH:  10412
Wed Dec 19 16:09:35 2018 # Inserted news. ID:      9. LENGTH:  10412
Wed Dec 19 16:09:36 2018 # Inserted news. ID:     10. LENGTH:  10412
Wed Dec 19 16:09:36 2018 # Inserted news. ID:     11. LENGTH:  10412
Wed Dec 19 16:09:36 2018 # Inserted news. ID:     12. LENGTH:  10412
Wed Dec 19 16:09:37 2018 # Inserted news. ID:     13. LENGTH:  10412
Wed Dec 19 16:09:37 2018 # Inserted news. ID:     14. LENGTH:  10412
Wed Dec 19 16:09:38 2018 # Inserted news. ID:     15. LENGTH:  10412
Wed Dec 19 16:09:38 2018 # Inserted news. ID:     16. LENGTH:  10412
Wed Dec 19 16:09:38 2018 # Inserted news. ID:     17. LENGTH:  10412
Wed Dec 19 16:11:03 2018 # Inserted news. ID:      3. LENGTH:  10412
Wed Dec 19 16:11:03 2018 # Inserted news. ID:      4. LENGTH:  10412
Wed Dec 19 16:11:03 2018 # Inserted news. ID:      5. LENGTH:  10412
Wed Dec 19 16:11:04 2018 # Inserted news. ID:      6. LENGTH:  10412
Wed Dec 19 16:11:04 2018 # Inserted news. ID:      7. LENGTH:  10412
Wed Dec 19 16:11:04 2018 # Inserted news. ID:      8. LENGTH:  10412
Wed Dec 19 16:11:05 2018 # Inserted news. ID:      9. LENGTH:  10412
Wed Dec 19 16:11:05 2018 # Inserted news. ID:     10. LENGTH:  10412
Wed Dec 19 16:11:06 2018 # Inserted news. ID:     11. LENGTH:  10412
Wed Dec 19 16:11:06 2018 # Inserted news. ID:     12. LENGTH:  10412
Wed Dec 19 16:11:06 2018 # Inserted news. ID:     13. LENGTH:  10412
Wed Dec 19 16:12:20 2018 # Inserted news. ID:     14. LENGTH:  10412
Wed Dec 19 16:12:21 2018 # Inserted news. ID:     15. LENGTH:  10412
Wed Dec 19 16:12:22 2018 # Inserted news. ID:     16. LENGTH:  10412
Wed Dec 19 16:12:22 2018 # Inserted news. ID:     17. LENGTH:  10412
Wed Dec 19 16:12:23 2018 # Inserted news. ID:     18. LENGTH:  10412
Wed Dec 19 16:12:24 2018 # Inserted news. ID:     19. LENGTH:  10412
Wed Dec 19 16:12:25 2018 # Inserted news. ID:     20. LENGTH:  10412
Wed Dec 19 16:12:25 2018 # Inserted news. ID:     21. LENGTH:  10412
Wed Dec 19 16:12:25 2018 # Inserted news. ID:     22. LENGTH:  10412
Wed Dec 19 16:12:26 2018 # Inserted news. ID:     23. LENGTH:  10412
Wed Dec 19 16:12:27 2018 # Inserted news. ID:     24. LENGTH:  10412
Wed Dec 19 16:12:27 2018 # Inserted news. ID:     25. LENGTH:  10412
Wed Dec 19 16:12:27 2018 # Inserted news. ID:     26. LENGTH:  10412
Wed Dec 19 16:12:28 2018 # Inserted news. ID:     27. LENGTH:  10412
Wed Dec 19 16:12:28 2018 # Inserted news. ID:     28. LENGTH:  10412
Wed Dec 19 16:12:28 2018 # Inserted news. ID:     29. LENGTH:  10412
Wed Dec 19 16:12:29 2018 # Inserted news. ID:     30. LENGTH:  10412
Wed Dec 19 16:12:29 2018 # Inserted news. ID:     31. LENGTH:  10412
Wed Dec 19 16:12:30 2018 # Inserted news. ID:     32. LENGTH:  10412
Wed Dec 19 16:14:07 2018 # Response error. CODE:  405. MESSAGE: Not Allowed
Wed Dec 19 16:14:07 2018 # Response error. CODE:  405. MESSAGE: Not Allowed
Wed Dec 19 16:14:07 2018 # Response error. CODE:  405. MESSAGE: Not Allowed
Wed Dec 19 16:14:07 2018 # Response error. CODE:  405. MESSAGE: Not Allowed
Wed Dec 19 16:14:07 2018 # Response error. CODE:  405. MESSAGE: Not Allowed
Wed Dec 19 16:14:08 2018 # Response error. CODE:  405. MESSAGE: Not Allowed
Wed Dec 19 16:14:08 2018 # Response error. CODE:  405. MESSAGE: Not Allowed
Wed Dec 19 16:14:08 2018 # Response error. CODE:  405. MESSAGE: Not Allowed
Wed Dec 19 16:14:08 2018 # Response error. CODE:  405. MESSAGE: Not Allowed
Wed Dec 19 16:16:02 2018 # Inserted news. ID:     33. LENGTH:  10412
Wed Dec 19 16:16:02 2018 # Inserted news. ID:     34. LENGTH:  10412
Wed Dec 19 16:16:02 2018 # Inserted news. ID:     35. LENGTH:  10412
Wed Dec 19 16:16:03 2018 # Inserted news. ID:     36. LENGTH:  10412
Wed Dec 19 16:16:03 2018 # Inserted news. ID:     37. LENGTH:  10412
Wed Dec 19 16:16:03 2018 # Inserted news. ID:     38. LENGTH:  10412
Wed Dec 19 16:16:03 2018 # Inserted news. ID:     39. LENGTH:  10412
Wed Dec 19 16:16:04 2018 # Inserted news. ID:     40. LENGTH:  10412
Wed Dec 19 16:16:04 2018 # Inserted news. ID:     41. LENGTH:  10412
Wed Dec 19 16:16:04 2018 # Inserted news. ID:     42. LENGTH:  10412
Wed Dec 19 16:16:29 2018 # Inserted news. ID:     43. LENGTH:  10412
Wed Dec 19 16:16:29 2018 # Inserted news. ID:     44. LENGTH:  10412
Wed Dec 19 16:16:30 2018 # Inserted news. ID:     45. LENGTH:  10412
Wed Dec 19 16:16:30 2018 # Inserted news. ID:     46. LENGTH:  10412
Wed Dec 19 16:16:30 2018 # Inserted news. ID:     47. LENGTH:  10412
Wed Dec 19 16:16:30 2018 # Inserted news. ID:     48. LENGTH:  10412
Wed Dec 19 16:16:31 2018 # Inserted news. ID:     49. LENGTH:  10412
Wed Dec 19 16:16:31 2018 # Inserted news. ID:     50. LENGTH:  10412
Wed Dec 19 20:06:30 2018 # Inserted news. ID:     51. LENGTH:  10412
Wed Dec 19 20:06:30 2018 # Inserted news. ID:     52. LENGTH:  10412
Wed Dec 19 20:06:30 2018 # Inserted news. ID:     53. LENGTH:  10412
Wed Dec 19 20:06:31 2018 # Inserted news. ID:     54. LENGTH:  10412
Wed Dec 19 20:06:31 2018 # Inserted news. ID:     55. LENGTH:  10412
Wed Dec 19 20:06:31 2018 # Inserted news. ID:     56. LENGTH:  10412
Wed Dec 19 20:06:31 2018 # Inserted news. ID:     57. LENGTH:  10412
Wed Dec 19 20:06:32 2018 # Inserted news. ID:     58. LENGTH:  10412
Wed Dec 19 20:06:32 2018 # Inserted news. ID:     59. LENGTH:  10412
Wed Dec 19 20:06:32 2018 # Inserted news. ID:     60. LENGTH:  10412
Wed Dec 19 20:08:58 2018 # Inserted news. ID:     61. LENGTH:  10412
Wed Dec 19 20:08:59 2018 # Inserted news. ID:     62. LENGTH:  10412
Wed Dec 19 20:08:59 2018 # Inserted news. ID:     63. LENGTH:  10412
Wed Dec 19 20:08:59 2018 # Inserted news. ID:     64. LENGTH:  10412
Wed Dec 19 20:09:00 2018 # Inserted news. ID:     65. LENGTH:  10412
Wed Dec 19 20:09:00 2018 # Inserted news. ID:     66. LENGTH:  10412
Wed Dec 19 20:09:00 2018 # Inserted news. ID:     67. LENGTH:  10412
Wed Dec 19 20:09:01 2018 # Inserted news. ID:     68. LENGTH:  10412
Wed Dec 19 20:09:01 2018 # Inserted news. ID:     69. LENGTH:  10412
Wed Dec 19 20:09:01 2018 # Inserted news. ID:     70. LENGTH:  10412
Wed Dec 19 20:09:01 2018 # Inserted news. ID:     71. LENGTH:  10412
Wed Dec 19 20:09:02 2018 # Inserted news. ID:     72. LENGTH:  10412
Wed Dec 19 20:09:02 2018 # Inserted news. ID:     73. LENGTH:  10412
Wed Dec 19 21:56:56 2018 # Inserted news. ID:     74. LENGTH:  10412
Wed Dec 19 21:56:57 2018 # Inserted news. ID:     75. LENGTH:  10412
Wed Dec 19 21:56:58 2018 # Inserted news. ID:     76. LENGTH:  10412
Wed Dec 19 21:56:59 2018 # Inserted news. ID:     77. LENGTH:  10412
Wed Dec 19 21:56:59 2018 # Inserted news. ID:     78. LENGTH:  10412
Wed Dec 19 21:56:59 2018 # Inserted news. ID:     79. LENGTH:  10412
Wed Dec 19 21:57:00 2018 # Inserted news. ID:     80. LENGTH:  10412
Wed Dec 19 21:57:00 2018 # Inserted news. ID:     81. LENGTH:  10412
Wed Dec 19 21:57:01 2018 # Inserted news. ID:     82. LENGTH:  10412
Wed Dec 19 21:57:01 2018 # Inserted news. ID:     83. LENGTH:  10412
Wed Dec 19 21:57:01 2018 # Inserted news. ID:     84. LENGTH:  10412
Wed Dec 19 21:57:01 2018 # Inserted news. ID:     85. LENGTH:  10412
Wed Dec 19 21:57:02 2018 # Inserted news. ID:     86. LENGTH:  10412
Wed Dec 19 21:57:03 2018 # Inserted news. ID:     87. LENGTH:  10412
Wed Dec 19 21:57:03 2018 # Inserted news. ID:     88. LENGTH:  10412
Wed Dec 19 21:57:03 2018 # Inserted news. ID:     89. LENGTH:  10412
Wed Dec 19 21:57:04 2018 # Inserted news. ID:     90. LENGTH:  10412
Wed Dec 19 21:57:05 2018 # Inserted news. ID:     91. LENGTH:  10412
Wed Dec 19 22:01:42 2018 # Inserted news. ID:     92. LENGTH:  10412
Wed Dec 19 22:01:43 2018 # Inserted news. ID:     93. LENGTH:  10412
Wed Dec 19 22:01:43 2018 # Inserted news. ID:     94. LENGTH:  10412
Wed Dec 19 22:01:43 2018 # Inserted news. ID:     95. LENGTH:  10412
Wed Dec 19 22:01:43 2018 # Inserted news. ID:     96. LENGTH:  10412
Wed Dec 19 22:01:44 2018 # Inserted news. ID:     97. LENGTH:  10412
Wed Dec 19 22:01:44 2018 # Inserted news. ID:     98. LENGTH:  10412
Wed Dec 19 22:01:44 2018 # Inserted news. ID:     99. LENGTH:  10412
Wed Dec 19 22:01:45 2018 # Inserted news. ID:    100. LENGTH:  10412
Wed Dec 19 22:01:45 2018 # Inserted news. ID:    101. LENGTH:  10412
Wed Dec 19 22:01:46 2018 # Inserted news. ID:    102. LENGTH:  10412
Wed Dec 19 22:01:47 2018 # Inserted news. ID:    103. LENGTH:  10412
Wed Dec 19 22:01:47 2018 # Inserted news. ID:    104. LENGTH:  10412
Wed Dec 19 22:03:14 2018 # Inserted news. ID:    105. LENGTH:  10412
Wed Dec 19 22:03:15 2018 # Inserted news. ID:    106. LENGTH:  10412
Wed Dec 19 22:03:15 2018 # Inserted news. ID:    107. LENGTH:  10412
Wed Dec 19 22:03:15 2018 # Inserted news. ID:    108. LENGTH:  10412
Wed Dec 19 22:03:16 2018 # Inserted news. ID:    109. LENGTH:  10412
Wed Dec 19 22:03:16 2018 # Inserted news. ID:    110. LENGTH:  10412
Wed Dec 19 22:03:16 2018 # Inserted news. ID:    111. LENGTH:  10412
Wed Dec 19 22:03:16 2018 # Inserted news. ID:    112. LENGTH:  10412
Wed Dec 19 22:03:17 2018 # Inserted news. ID:    113. LENGTH:  10412
Wed Dec 19 22:03:17 2018 # Inserted news. ID:    114. LENGTH:  10412
Wed Dec 19 22:03:17 2018 # Inserted news. ID:    115. LENGTH:  10412
Wed Dec 19 22:03:17 2018 # Inserted news. ID:    116. LENGTH:  10412
Wed Dec 19 22:03:18 2018 # Inserted news. ID:    117. LENGTH:  10412
Wed Dec 19 22:03:18 2018 # Inserted news. ID:    118. LENGTH:  10412
Wed Dec 19 22:03:18 2018 # Inserted news. ID:    119. LENGTH:  10412
Wed Dec 19 22:03:18 2018 # Inserted news. ID:    120. LENGTH:  10412
Wed Dec 19 22:03:19 2018 # Inserted news. ID:    121. LENGTH:  10412
Wed Dec 19 22:03:19 2018 # Inserted news. ID:    122. LENGTH:  10412
Wed Dec 19 22:03:19 2018 # Inserted news. ID:    123. LENGTH:  10412
Wed Dec 19 22:03:20 2018 # Inserted news. ID:    124. LENGTH:  10412
Wed Dec 19 22:03:20 2018 # Inserted news. ID:    125. LENGTH:  10412
Wed Dec 19 22:04:10 2018 # Inserted news. ID:    126. LENGTH:  10412
Wed Dec 19 22:04:11 2018 # Inserted news. ID:    127. LENGTH:  10412
Wed Dec 19 22:04:11 2018 # Inserted news. ID:    128. LENGTH:  10412
Wed Dec 19 22:04:12 2018 # Inserted news. ID:    129. LENGTH:  10412
Wed Dec 19 22:04:12 2018 # Inserted news. ID:    130. LENGTH:  10412
Wed Dec 19 22:04:13 2018 # Inserted news. ID:    131. LENGTH:  10412
Wed Dec 19 22:04:13 2018 # Inserted news. ID:    132. LENGTH:  10412
Wed Dec 19 22:04:13 2018 # Inserted news. ID:    133. LENGTH:  10412
Wed Dec 19 22:04:14 2018 # Inserted news. ID:    134. LENGTH:  10412
Wed Dec 19 22:04:14 2018 # Inserted news. ID:    135. LENGTH:  10412
Wed Dec 19 22:04:14 2018 # Inserted news. ID:    136. LENGTH:  10412
Wed Dec 19 22:04:14 2018 # Inserted news. ID:    137. LENGTH:  10412
Wed Dec 19 22:04:14 2018 # Inserted news. ID:    138. LENGTH:  10412
Wed Dec 19 22:04:15 2018 # Inserted news. ID:    139. LENGTH:  10412
Wed Dec 19 22:04:15 2018 # Inserted news. ID:    140. LENGTH:  10412
Wed Dec 19 22:04:15 2018 # Inserted news. ID:    141. LENGTH:  10412
Wed Dec 19 22:04:15 2018 # Inserted news. ID:    142. LENGTH:  10412
Wed Dec 19 22:04:16 2018 # Inserted news. ID:    143. LENGTH:  10412
Wed Dec 19 22:04:16 2018 # Inserted news. ID:    144. LENGTH:  10412
Wed Dec 19 22:08:51 2018 # Inserted news. ID:    146. LENGTH:  10412
Wed Dec 19 22:08:52 2018 # Inserted news. ID:    147. LENGTH:  10412
Wed Dec 19 22:08:53 2018 # Inserted news. ID:    148. LENGTH:  10412
Wed Dec 19 22:08:53 2018 # Inserted news. ID:    149. LENGTH:  10412
Wed Dec 19 22:08:53 2018 # Inserted news. ID:    150. LENGTH:  10412
Wed Dec 19 22:08:54 2018 # Inserted news. ID:    151. LENGTH:  10412
Wed Dec 19 22:08:54 2018 # Inserted news. ID:    152. LENGTH:  10412
Wed Dec 19 22:08:54 2018 # Inserted news. ID:    153. LENGTH:  10412
Wed Dec 19 22:08:55 2018 # Inserted news. ID:    154. LENGTH:  10412
Wed Dec 19 22:08:55 2018 # Inserted news. ID:    155. LENGTH:  10412
Wed Dec 19 22:08:55 2018 # Inserted news. ID:    156. LENGTH:  10412
Wed Dec 19 22:08:55 2018 # Inserted news. ID:    157. LENGTH:  10412
Wed Dec 19 22:08:56 2018 # Inserted news. ID:    158. LENGTH:  10412
Wed Dec 19 22:08:56 2018 # Inserted news. ID:    159. LENGTH:  10412
Wed Dec 19 22:08:56 2018 # Inserted news. ID:    160. LENGTH:  10412
Wed Dec 19 22:08:56 2018 # Inserted news. ID:    161. LENGTH:  10412
Wed Dec 19 22:13:26 2018 # Inserted news. ID:    162. LENGTH:  10412
Wed Dec 19 22:13:26 2018 # Inserted news. ID:    163. LENGTH:  10412
Wed Dec 19 22:13:26 2018 # Inserted news. ID:    164. LENGTH:  10412
Wed Dec 19 22:13:27 2018 # Inserted news. ID:    165. LENGTH:  10412
Wed Dec 19 22:13:27 2018 # Inserted news. ID:    166. LENGTH:  10412
Wed Dec 19 22:13:27 2018 # Inserted news. ID:    167. LENGTH:  10412
Wed Dec 19 22:13:27 2018 # Inserted news. ID:    168. LENGTH:  10412
Wed Dec 19 22:13:28 2018 # Inserted news. ID:    169. LENGTH:  10412
Wed Dec 19 22:17:46 2018 # Inserted news. ID:    170. LENGTH:  10412
Wed Dec 19 22:17:52 2018 # Inserted news. ID:    171. LENGTH:  10412
Wed Dec 19 22:17:57 2018 # Inserted news. ID:    172. LENGTH:  10412
Wed Dec 19 22:18:02 2018 # Inserted news. ID:    173. LENGTH:  10412
Wed Dec 19 22:18:07 2018 # Inserted news. ID:    174. LENGTH:  10412
Wed Dec 19 22:18:13 2018 # Inserted news. ID:    175. LENGTH:  10412
Wed Dec 19 22:18:18 2018 # Inserted news. ID:    176. LENGTH:  10412
Wed Dec 19 22:18:23 2018 # Inserted news. ID:    177. LENGTH:  10412
Wed Dec 19 22:18:29 2018 # Inserted news. ID:    178. LENGTH:  10412
Wed Dec 19 22:18:34 2018 # Inserted news. ID:    179. LENGTH:  10412
Wed Dec 19 22:18:40 2018 # Inserted news. ID:    180. LENGTH:  10412
Wed Dec 19 22:20:06 2018 # Inserted news. ID:    181. LENGTH:  10412
Wed Dec 19 22:20:11 2018 # Inserted news. ID:    182. LENGTH:  10412
Wed Dec 19 23:01:24 2018 # Inserted news. ID:    183. LENGTH:   4809
Wed Dec 19 23:01:25 2018 # Inserted news. ID:    184. LENGTH:    547
Wed Dec 19 23:01:26 2018 # Inserted news. ID:    185. LENGTH:    547
Wed Dec 19 23:01:28 2018 # Inserted news. ID:    186. LENGTH:    547
Wed Dec 19 23:01:29 2018 # Inserted news. ID:    187. LENGTH:    547
Wed Dec 19 23:05:42 2018 # Inserted news. ID:    188. LENGTH:    547
Wed Dec 19 23:05:48 2018 # Inserted news. ID:    189. LENGTH:    547
Wed Dec 19 23:05:53 2018 # Inserted news. ID:    190. LENGTH:    547
Wed Dec 19 23:06:27 2018 # Inserted news. ID:    191. LENGTH:    547
Wed Dec 19 23:06:32 2018 # Inserted news. ID:    192. LENGTH:    547
Wed Dec 19 23:07:21 2018 # Inserted news. ID:    193. LENGTH:    547
Wed Dec 19 23:07:27 2018 # Inserted news. ID:    194. LENGTH:    547
Wed Dec 19 23:07:32 2018 # Inserted news. ID:    195. LENGTH:    547
Wed Dec 19 23:24:07 2018 # Inserted news. ID:    196. LENGTH:  10412
Wed Dec 19 23:24:13 2018 # Inserted news. ID:    197. LENGTH:  10412
Wed Dec 19 23:24:18 2018 # Inserted news. ID:    198. LENGTH:  10412
Thu Dec 20 11:54:34 2018 # Inserted news. ID:    199. LENGTH:   4851
Thu Dec 20 12:01:41 2018 # Inserted news. ID:    200. LENGTH:   4869
Thu Dec 20 12:03:20 2018 # Inserted news. ID:    201. LENGTH:  12219
Thu Dec 20 12:03:36 2018 # Inserted news. ID:    202. LENGTH:   8511
Thu Dec 20 12:03:52 2018 # Inserted news. ID:    203. LENGTH:   4353
Thu Dec 20 12:04:12 2018 # Inserted news. ID:    204. LENGTH:   1452
Thu Dec 20 12:04:32 2018 # Inserted news. ID:    205. LENGTH:   5140
Thu Dec 20 12:04:45 2018 # Inserted news. ID:    206. LENGTH:   3300
Thu Dec 20 12:04:56 2018 # Inserted news. ID:    207. LENGTH:   3441
Thu Dec 20 12:05:11 2018 # Inserted news. ID:    208. LENGTH:   6959
Thu Dec 20 12:05:25 2018 # Inserted news. ID:    209. LENGTH:   4868
Thu Dec 20 12:05:37 2018 # Inserted news. ID:    210. LENGTH:   5977
Thu Dec 20 12:05:51 2018 # Inserted news. ID:    211. LENGTH:   1386
Thu Dec 20 12:06:07 2018 # Inserted news. ID:    212. LENGTH:   4704
Thu Dec 20 12:06:20 2018 # Inserted news. ID:    213. LENGTH:   3600
Thu Dec 20 12:06:33 2018 # Inserted news. ID:    214. LENGTH:   4937
Thu Dec 20 12:06:47 2018 # Inserted news. ID:    215. LENGTH:   5107
Thu Dec 20 12:07:00 2018 # Inserted news. ID:    216. LENGTH:   5139
Thu Dec 20 12:07:14 2018 # Inserted news. ID:    217. LENGTH:   3972
Thu Dec 20 12:07:30 2018 # Inserted news. ID:    218. LENGTH:  22928
Thu Dec 20 12:07:45 2018 # Inserted news. ID:    219. LENGTH:   2001
Thu Dec 20 12:08:01 2018 # Inserted news. ID:    220. LENGTH:   4316
Thu Dec 20 12:08:18 2018 # Inserted news. ID:    221. LENGTH:   7465
Thu Dec 20 12:08:35 2018 # Inserted news. ID:    222. LENGTH:   5251
Thu Dec 20 12:08:49 2018 # Inserted news. ID:    223. LENGTH:   3924
Thu Dec 20 12:09:02 2018 # Inserted news. ID:    224. LENGTH:   5197
Thu Dec 20 12:09:18 2018 # Inserted news. ID:    225. LENGTH:   4689
Thu Dec 20 12:09:32 2018 # Inserted news. ID:    226. LENGTH:   5578
Thu Dec 20 12:09:47 2018 # Inserted news. ID:    227. LENGTH:   7634
Thu Dec 20 12:09:58 2018 # Inserted news. ID:    228. LENGTH:   5967
Thu Dec 20 12:10:12 2018 # Inserted news. ID:    229. LENGTH:   4107
Thu Dec 20 12:10:23 2018 # Inserted news. ID:    230. LENGTH:   5461
Thu Dec 20 12:10:35 2018 # Inserted news. ID:    231. LENGTH:   6554
Thu Dec 20 12:10:50 2018 # Inserted news. ID:    232. LENGTH:   1144
Thu Dec 20 12:11:05 2018 # Inserted news. ID:    233. LENGTH:   4808
Thu Dec 20 12:11:17 2018 # Inserted news. ID:    234. LENGTH:   3836
Thu Dec 20 12:11:31 2018 # Inserted news. ID:    235. LENGTH:   5075
Thu Dec 20 12:11:43 2018 # Inserted news. ID:    236. LENGTH:    666
Thu Dec 20 12:11:57 2018 # Inserted news. ID:    237. LENGTH:   2527
Thu Dec 20 12:12:10 2018 # Inserted news. ID:    238. LENGTH:   6884
Thu Dec 20 12:12:23 2018 # Inserted news. ID:    239. LENGTH:   4544
Thu Dec 20 12:12:35 2018 # Inserted news. ID:    240. LENGTH:   9692
Thu Dec 20 12:12:48 2018 # Inserted news. ID:    241. LENGTH:   2862
Thu Dec 20 12:13:01 2018 # Inserted news. ID:    242. LENGTH:    700
Thu Dec 20 12:13:12 2018 # Inserted news. ID:    243. LENGTH:    666
Thu Dec 20 12:13:23 2018 # Inserted news. ID:    244. LENGTH:   4807
Thu Dec 20 12:13:37 2018 # Inserted news. ID:    245. LENGTH:   5462
Thu Dec 20 12:13:49 2018 # Inserted news. ID:    246. LENGTH:   3301
Thu Dec 20 12:14:02 2018 # Inserted news. ID:    247. LENGTH:  19989
Thu Dec 20 12:14:16 2018 # Inserted news. ID:    248. LENGTH:  13434
Thu Dec 20 12:14:26 2018 # Inserted news. ID:    249. LENGTH:    605
Thu Dec 20 12:14:37 2018 # Inserted news. ID:    250. LENGTH:   4017
Thu Dec 20 12:14:50 2018 # Inserted news. ID:    251. LENGTH:   1895
Thu Dec 20 12:15:04 2018 # Inserted news. ID:    252. LENGTH:   3236
Thu Dec 20 12:15:18 2018 # Inserted news. ID:    253. LENGTH:   3170
Thu Dec 20 12:15:31 2018 # Inserted news. ID:    254. LENGTH:   4455
Thu Dec 20 12:15:44 2018 # Inserted news. ID:    255. LENGTH:   2000
Thu Dec 20 12:15:55 2018 # Inserted news. ID:    256. LENGTH:   4305
Thu Dec 20 12:16:09 2018 # Inserted news. ID:    257. LENGTH:   3151
Thu Dec 20 12:16:21 2018 # Inserted news. ID:    258. LENGTH:   4583
Thu Dec 20 12:16:35 2018 # Inserted news. ID:    259. LENGTH:   4527
Thu Dec 20 12:16:49 2018 # Inserted news. ID:    260. LENGTH:   6417
Thu Dec 20 12:17:03 2018 # Inserted news. ID:    261. LENGTH:   2699
Thu Dec 20 12:17:19 2018 # Inserted news. ID:    262. LENGTH:   3316
Thu Dec 20 12:17:33 2018 # Inserted news. ID:    263. LENGTH:   4502
Thu Dec 20 12:17:46 2018 # Inserted news. ID:    264. LENGTH:   7735
Thu Dec 20 12:17:59 2018 # Inserted news. ID:    265. LENGTH:   4428
Thu Dec 20 12:18:11 2018 # Inserted news. ID:    266. LENGTH:   5450
Thu Dec 20 12:18:25 2018 # Inserted news. ID:    267. LENGTH:   4964
Thu Dec 20 12:18:46 2018 # Inserted news. ID:    268. LENGTH:   5619
Thu Dec 20 12:19:01 2018 # Inserted news. ID:    269. LENGTH:   4020
Thu Dec 20 12:19:15 2018 # Inserted news. ID:    270. LENGTH:   8201
Thu Dec 20 12:19:26 2018 # Inserted news. ID:    271. LENGTH:   5780
Thu Dec 20 12:19:38 2018 # Inserted news. ID:    272. LENGTH:   6083
Thu Dec 20 12:19:51 2018 # Inserted news. ID:    273. LENGTH:   3592
Thu Dec 20 12:20:11 2018 # Inserted news. ID:    274. LENGTH:   2046
Thu Dec 20 12:20:25 2018 # Inserted news. ID:    275. LENGTH:   6993
Thu Dec 20 12:20:35 2018 # Inserted news. ID:    276. LENGTH:   3672
Thu Dec 20 12:20:48 2018 # Inserted news. ID:    277. LENGTH:   1497
Thu Dec 20 12:21:00 2018 # Inserted news. ID:    278. LENGTH:   4306
Thu Dec 20 12:21:14 2018 # Inserted news. ID:    279. LENGTH:   6127
Thu Dec 20 12:21:25 2018 # Inserted news. ID:    280. LENGTH:   7014
Thu Dec 20 12:21:36 2018 # Inserted news. ID:    281. LENGTH:   3940
Thu Dec 20 12:21:51 2018 # Inserted news. ID:    282. LENGTH:   7096
Thu Dec 20 12:22:05 2018 # Inserted news. ID:    283. LENGTH:   4286
Thu Dec 20 12:22:19 2018 # Inserted news. ID:    284. LENGTH:   5420
Thu Dec 20 12:22:32 2018 # Inserted news. ID:    285. LENGTH:   2355
Thu Dec 20 12:22:45 2018 # Inserted news. ID:    286. LENGTH:   2463
Thu Dec 20 12:22:56 2018 # Inserted news. ID:    287. LENGTH:    602
Thu Dec 20 12:23:11 2018 # Inserted news. ID:    288. LENGTH:   4762
Thu Dec 20 12:23:24 2018 # Inserted news. ID:    289. LENGTH:   3397
Thu Dec 20 12:23:35 2018 # Inserted news. ID:    290. LENGTH:   1672
Thu Dec 20 12:23:50 2018 # Inserted news. ID:    291. LENGTH:   1939
Thu Dec 20 12:24:00 2018 # Inserted news. ID:    292. LENGTH:   8870
Thu Dec 20 12:24:12 2018 # Inserted news. ID:    293. LENGTH:   5778
Thu Dec 20 12:24:26 2018 # Inserted news. ID:    294. LENGTH:   4948
Thu Dec 20 12:24:38 2018 # Inserted news. ID:    295. LENGTH:   4427
Thu Dec 20 12:24:51 2018 # Inserted news. ID:    296. LENGTH:   7016
Thu Dec 20 12:25:07 2018 # Inserted news. ID:    297. LENGTH:   4891
Thu Dec 20 12:25:18 2018 # Inserted news. ID:    298. LENGTH:   7530
Thu Dec 20 12:25:30 2018 # Inserted news. ID:    299. LENGTH:   3158
Thu Dec 20 12:25:43 2018 # Inserted news. ID:    300. LENGTH:   5424
Thu Dec 20 12:25:43 2018 # Current progress: 2015-1,  100/ 340
Thu Dec 20 12:25:55 2018 # Inserted news. ID:    301. LENGTH:   3304
Thu Dec 20 12:26:07 2018 # Inserted news. ID:    302. LENGTH:   5735
Thu Dec 20 12:26:18 2018 # Inserted news. ID:    303. LENGTH:   3962
Thu Dec 20 12:26:32 2018 # Inserted news. ID:    304. LENGTH:   1434
Thu Dec 20 12:26:48 2018 # Inserted news. ID:    305. LENGTH:   5626
Thu Dec 20 12:27:00 2018 # Inserted news. ID:    306. LENGTH:   7793
Thu Dec 20 12:27:12 2018 # Inserted news. ID:    307. LENGTH:   5002
Thu Dec 20 12:27:26 2018 # Inserted news. ID:    308. LENGTH:   3983
Thu Dec 20 12:27:37 2018 # Inserted news. ID:    309. LENGTH:   3397
Thu Dec 20 12:27:52 2018 # Inserted news. ID:    310. LENGTH:   5063
Thu Dec 20 12:28:02 2018 # Inserted news. ID:    311. LENGTH:   1446
Thu Dec 20 12:28:13 2018 # Inserted news. ID:    312. LENGTH:   2206
Thu Dec 20 12:28:28 2018 # Inserted news. ID:    313. LENGTH:   4486
Thu Dec 20 12:28:38 2018 # Inserted news. ID:    314. LENGTH:   3654
Thu Dec 20 12:43:15 2018 # Login succeeded
Thu Dec 20 12:46:51 2018 # Login succeeded
Thu Dec 20 12:46:59 2018 # Inserted news. ID:    315. LENGTH: 925449
Thu Dec 20 12:47:06 2018 # Inserted news. ID:    316. LENGTH: 1069051
Thu Dec 20 12:47:14 2018 # Inserted news. ID:    317. LENGTH: 906836
Thu Dec 20 12:47:21 2018 # Inserted news. ID:    318. LENGTH: 901686
Got unexpected error
Traceback (most recent call last):
  File "spider_bloomberg.py", line 117, in <module>
    CrawlByMonths(months, table, True)
  File "spider_bloomberg.py", line 97, in CrawlByMonths
    lenText = CrawlByInfo(info, table, save_pagesource)
  File "spider_bloomberg.py", line 77, in CrawlByInfo
    text = driver.page_source
  File "D:\Tools\Anaconda3-py35\lib\site-packages\selenium\webdriver\remote\webdriver.py", line 679, in page_source
    return self.execute(Command.GET_PAGE_SOURCE)['value']
  File "D:\Tools\Anaconda3-py35\lib\site-packages\selenium\webdriver\remote\webdriver.py", line 321, in execute
    self.error_handler.check_response(response)
  File "D:\Tools\Anaconda3-py35\lib\site-packages\selenium\webdriver\remote\errorhandler.py", line 242, in check_response
    raise exception_class(message, screen, stacktrace)
selenium.common.exceptions.NoSuchWindowException: Message: Browsing context has been discarded

Thu Dec 20 12:47:47 2018 # Login succeeded
Thu Dec 20 12:47:56 2018 # Inserted news. ID:    319. LENGTH: 922101
Thu Dec 20 12:48:03 2018 # Inserted news. ID:    320. LENGTH: 958682
Thu Dec 20 12:49:18 2018 # Login succeeded
Thu Dec 20 12:49:25 2018 # Inserted news. ID:    321. LENGTH: 919524
Thu Dec 20 12:49:36 2018 # Inserted news. ID:    322. LENGTH: 285044
Thu Dec 20 12:49:44 2018 # Inserted news. ID:    323. LENGTH: 236320
Thu Dec 20 12:49:53 2018 # Inserted news. ID:    324. LENGTH: 219702
Thu Dec 20 12:50:00 2018 # Inserted news. ID:    325. LENGTH: 230073
Thu Dec 20 12:50:08 2018 # Inserted news. ID:    326. LENGTH: 226305
Thu Dec 20 12:50:18 2018 # Inserted news. ID:    327. LENGTH: 236546
Thu Dec 20 12:50:25 2018 # Inserted news. ID:    328. LENGTH: 236939
Thu Dec 20 12:50:30 2018 # Inserted news. ID:    329. LENGTH: 237889
Thu Dec 20 12:50:37 2018 # Inserted news. ID:    330. LENGTH: 231430
Thu Dec 20 12:50:43 2018 # Inserted news. ID:    331. LENGTH: 220643
Thu Dec 20 12:50:48 2018 # Inserted news. ID:    332. LENGTH: 233163
Thu Dec 20 12:50:53 2018 # Inserted news. ID:    333. LENGTH: 231202
Thu Dec 20 12:51:00 2018 # Inserted news. ID:    334. LENGTH: 228326
Thu Dec 20 12:51:07 2018 # Inserted news. ID:    335. LENGTH: 233779
Thu Dec 20 12:51:12 2018 # Inserted news. ID:    336. LENGTH: 232065
Thu Dec 20 12:51:22 2018 # Inserted news. ID:    337. LENGTH: 235639
Thu Dec 20 12:51:32 2018 # Inserted news. ID:    338. LENGTH: 262549
Thu Dec 20 12:51:42 2018 # Inserted news. ID:    339. LENGTH: 223623
Thu Dec 20 12:51:50 2018 # Inserted news. ID:    340. LENGTH: 233496
Thu Dec 20 12:52:00 2018 # Inserted news. ID:    341. LENGTH: 240756
Thu Dec 20 12:52:06 2018 # Inserted news. ID:    342. LENGTH: 222868
Thu Dec 20 12:52:12 2018 # Inserted news. ID:    343. LENGTH: 222397
Thu Dec 20 12:52:19 2018 # Inserted news. ID:    344. LENGTH: 224491
Thu Dec 20 12:52:25 2018 # Inserted news. ID:    345. LENGTH: 221379
Thu Dec 20 12:52:33 2018 # Inserted news. ID:    346. LENGTH: 226038
Thu Dec 20 12:52:41 2018 # Inserted news. ID:    347. LENGTH: 229718
Thu Dec 20 12:52:49 2018 # Inserted news. ID:    348. LENGTH: 228763
Thu Dec 20 12:52:55 2018 # Inserted news. ID:    349. LENGTH: 223176
Thu Dec 20 12:53:00 2018 # Inserted news. ID:    350. LENGTH: 229999
Thu Dec 20 12:53:06 2018 # Inserted news. ID:    351. LENGTH: 228098
Thu Dec 20 12:53:14 2018 # Inserted news. ID:    352. LENGTH: 214864
Thu Dec 20 12:53:22 2018 # Inserted news. ID:    353. LENGTH: 227462
Thu Dec 20 12:53:29 2018 # Inserted news. ID:    354. LENGTH: 223399
Thu Dec 20 12:53:36 2018 # Inserted news. ID:    355. LENGTH: 223270
Thu Dec 20 12:53:43 2018 # Inserted news. ID:    356. LENGTH: 314661
Thu Dec 20 12:53:49 2018 # Inserted news. ID:    357. LENGTH: 214875
Thu Dec 20 12:53:55 2018 # Inserted news. ID:    358. LENGTH: 226609
Thu Dec 20 12:54:03 2018 # Inserted news. ID:    359. LENGTH: 222811
Thu Dec 20 12:54:08 2018 # Inserted news. ID:    360. LENGTH: 238362
Thu Dec 20 12:54:17 2018 # Inserted news. ID:    361. LENGTH: 221415
Thu Dec 20 12:54:21 2018 # Inserted news. ID:    362. LENGTH: 208275
Thu Dec 20 12:54:27 2018 # Inserted news. ID:    363. LENGTH: 207314
Thu Dec 20 12:54:32 2018 # Inserted news. ID:    364. LENGTH: 233083
Thu Dec 20 12:54:37 2018 # Inserted news. ID:    365. LENGTH: 235427
Thu Dec 20 12:54:45 2018 # Inserted news. ID:    366. LENGTH: 224920
Thu Dec 20 12:54:53 2018 # Inserted news. ID:    367. LENGTH: 249275
Thu Dec 20 12:54:59 2018 # Inserted news. ID:    368. LENGTH: 243613
Thu Dec 20 12:55:03 2018 # Inserted news. ID:    369. LENGTH: 207941
Thu Dec 20 12:55:08 2018 # Inserted news. ID:    370. LENGTH: 231724
Thu Dec 20 12:55:17 2018 # Inserted news. ID:    371. LENGTH: 243907
Thu Dec 20 12:55:23 2018 # Inserted news. ID:    372. LENGTH: 225622
Thu Dec 20 12:55:28 2018 # Inserted news. ID:    373. LENGTH: 231825
Thu Dec 20 12:55:34 2018 # Inserted news. ID:    374. LENGTH: 232635
Thu Dec 20 12:55:43 2018 # Inserted news. ID:    375. LENGTH: 285381
Thu Dec 20 12:55:53 2018 # Inserted news. ID:    376. LENGTH: 228662
Thu Dec 20 12:56:03 2018 # Inserted news. ID:    377. LENGTH: 221754
Thu Dec 20 12:56:11 2018 # Inserted news. ID:    378. LENGTH: 226391
Thu Dec 20 12:56:19 2018 # Inserted news. ID:    379. LENGTH: 225920
Thu Dec 20 12:56:32 2018 # Inserted news. ID:    380. LENGTH: 224781
Thu Dec 20 12:56:37 2018 # Inserted news. ID:    381. LENGTH: 224641
Thu Dec 20 13:00:17 2018 # Login succeeded
Thu Dec 20 13:00:26 2018 # Inserted news. ID:    382. LENGTH: 914395
Thu Dec 20 13:00:35 2018 # Inserted news. ID:    383. LENGTH: 284122
Thu Dec 20 13:00:42 2018 # Inserted news. ID:    384. LENGTH: 235401
Thu Dec 20 13:00:53 2018 # Inserted news. ID:    385. LENGTH: 222891
Thu Dec 20 13:00:59 2018 # Inserted news. ID:    386. LENGTH: 233083
Thu Dec 20 13:01:08 2018 # Inserted news. ID:    387. LENGTH: 226269
Thu Dec 20 13:01:12 2018 # Inserted news. ID:    388. LENGTH: 231837
Thu Dec 20 13:01:18 2018 # Inserted news. ID:    389. LENGTH: 236126
Thu Dec 20 13:01:26 2018 # Inserted news. ID:    390. LENGTH: 237907
Thu Dec 20 13:01:31 2018 # Inserted news. ID:    391. LENGTH: 231422
Thu Dec 20 13:01:31 2018 # Current progress: 2015-1,   10/ 340
Thu Dec 20 13:01:37 2018 # Inserted news. ID:    392. LENGTH: 217591
Thu Dec 20 13:01:43 2018 # Inserted news. ID:    393. LENGTH: 233150
Thu Dec 20 13:01:52 2018 # Inserted news. ID:    394. LENGTH: 228183
Thu Dec 20 13:02:01 2018 # Inserted news. ID:    395. LENGTH: 228208
Thu Dec 20 13:02:11 2018 # Inserted news. ID:    396. LENGTH: 236815
Thu Dec 20 13:02:19 2018 # Inserted news. ID:    397. LENGTH: 235104
Thu Dec 20 13:05:15 2018 # Login succeeded
Thu Dec 20 13:05:25 2018 # Inserted news. ID:    398. LENGTH: 920325
Thu Dec 20 13:05:32 2018 # Inserted news. ID:    399. LENGTH: 287022
Thu Dec 20 13:05:41 2018 # Inserted news. ID:    400. LENGTH: 275335
Thu Dec 20 13:05:48 2018 # Inserted news. ID:    401. LENGTH: 219702
Thu Dec 20 13:05:55 2018 # Inserted news. ID:    402. LENGTH: 230080
Thu Dec 20 13:09:09 2018 # Login succeeded
Thu Dec 20 13:09:21 2018 # Inserted news. ID:    403. LENGTH: 917534
Thu Dec 20 13:09:30 2018 # Inserted news. ID:    404. LENGTH: 284487
Thu Dec 20 13:09:41 2018 # Inserted news. ID:    405. LENGTH: 236711
Thu Dec 20 13:09:50 2018 # Inserted news. ID:    406. LENGTH: 220227
Thu Dec 20 13:09:59 2018 # Inserted news. ID:    407. LENGTH: 230184
Thu Dec 20 13:10:06 2018 # Inserted news. ID:    408. LENGTH: 227373
Thu Dec 20 13:10:18 2018 # Inserted news. ID:    409. LENGTH: 236492
Thu Dec 20 13:10:30 2018 # Inserted news. ID:    410. LENGTH: 237440
Thu Dec 20 13:10:49 2018 # Inserted news. ID:    411. LENGTH: 240089
Thu Dec 20 13:11:03 2018 # Inserted news. ID:    412. LENGTH: 235090
Thu Dec 20 13:11:03 2018 # Current progress: 2015-1,   10/ 340
Thu Dec 20 13:11:13 2018 # Inserted news. ID:    413. LENGTH: 217708
Thu Dec 20 13:11:26 2018 # Inserted news. ID:    414. LENGTH: 237064
Thu Dec 20 13:11:37 2018 # Inserted news. ID:    415. LENGTH: 228411
